<?xml version="1.0" encoding="UTF-8"?>
<coverage generated="1644698096635" clover="3.2.0">
  <project timestamp="1644698096635" name="All files">
    <metrics statements="32" coveredstatements="27" conditionals="2" coveredconditionals="1" methods="7" coveredmethods="5" elements="41" coveredelements="33" complexity="0" loc="32" ncloc="32" packages="6" files="9" classes="9"/>
    <package name="presentation">
      <metrics statements="6" coveredstatements="6" conditionals="0" coveredconditionals="0" methods="0" coveredmethods="0"/>
      <file name="index.ts" path="/home/mairon/projetos/pessoais/budget-commercial-department-web/backend/src/presentation/index.ts">
        <metrics statements="6" coveredstatements="6" conditionals="0" coveredconditionals="0" methods="0" coveredmethods="0"/>
        <line num="1" count="1" type="stmt"/>
        <line num="2" count="1" type="stmt"/>
        <line num="3" count="1" type="stmt"/>
        <line num="4" count="1" type="stmt"/>
        <line num="5" count="1" type="stmt"/>
        <line num="7" count="1" type="stmt"/>
      </file>
    </package>
    <package name="presentation.controllers.signin">
      <metrics statements="7" coveredstatements="7" conditionals="1" coveredconditionals="1" methods="2" coveredmethods="2"/>
      <file name="signin-controller.ts" path="/home/mairon/projetos/pessoais/budget-commercial-department-web/backend/src/presentation/controllers/signin/signin-controller.ts">
        <metrics statements="7" coveredstatements="7" conditionals="1" coveredconditionals="1" methods="2" coveredmethods="2"/>
        <line num="1" count="1" type="stmt"/>
        <line num="8" count="1" type="stmt"/>
        <line num="9" count="4" type="stmt"/>
        <line num="12" count="4" type="stmt"/>
        <line num="14" count="4" type="cond" truecount="1" falsecount="0"/>
        <line num="15" count="3" type="stmt"/>
        <line num="18" count="1" type="stmt"/>
      </file>
    </package>
    <package name="presentation.errors">
      <metrics statements="8" coveredstatements="8" conditionals="0" coveredconditionals="0" methods="2" coveredmethods="2"/>
      <file name="index.ts" path="/home/mairon/projetos/pessoais/budget-commercial-department-web/backend/src/presentation/errors/index.ts">
        <metrics statements="2" coveredstatements="2" conditionals="0" coveredconditionals="0" methods="0" coveredmethods="0"/>
        <line num="1" count="1" type="stmt"/>
        <line num="2" count="1" type="stmt"/>
      </file>
      <file name="invalid-param.ts" path="/home/mairon/projetos/pessoais/budget-commercial-department-web/backend/src/presentation/errors/invalid-param.ts">
        <metrics statements="3" coveredstatements="3" conditionals="0" coveredconditionals="0" methods="1" coveredmethods="1"/>
        <line num="1" count="1" type="stmt"/>
        <line num="3" count="2" type="stmt"/>
        <line num="4" count="2" type="stmt"/>
      </file>
      <file name="missing-param.ts" path="/home/mairon/projetos/pessoais/budget-commercial-department-web/backend/src/presentation/errors/missing-param.ts">
        <metrics statements="3" coveredstatements="3" conditionals="0" coveredconditionals="0" methods="1" coveredmethods="1"/>
        <line num="1" count="1" type="stmt"/>
        <line num="3" count="4" type="stmt"/>
        <line num="4" count="4" type="stmt"/>
      </file>
    </package>
    <package name="presentation.helpers">
      <metrics statements="1" coveredstatements="1" conditionals="0" coveredconditionals="0" methods="1" coveredmethods="1"/>
      <file name="http-helpers.ts" path="/home/mairon/projetos/pessoais/budget-commercial-department-web/backend/src/presentation/helpers/http-helpers.ts">
        <metrics statements="1" coveredstatements="1" conditionals="0" coveredconditionals="0" methods="1" coveredmethods="1"/>
        <line num="3" count="6" type="stmt"/>
      </file>
    </package>
    <package name="validators">
      <metrics statements="3" coveredstatements="3" conditionals="0" coveredconditionals="0" methods="0" coveredmethods="0"/>
      <file name="index.ts" path="/home/mairon/projetos/pessoais/budget-commercial-department-web/backend/src/validators/index.ts">
        <metrics statements="3" coveredstatements="3" conditionals="0" coveredconditionals="0" methods="0" coveredmethods="0"/>
        <line num="1" count="1" type="stmt"/>
        <line num="3" count="1" type="stmt"/>
        <line num="4" count="1" type="stmt"/>
      </file>
    </package>
    <package name="validators.implementations">
      <metrics statements="7" coveredstatements="2" conditionals="1" coveredconditionals="0" methods="2" coveredmethods="0"/>
      <file name="index.ts" path="/home/mairon/projetos/pessoais/budget-commercial-department-web/backend/src/validators/implementations/index.ts">
        <metrics statements="1" coveredstatements="0" conditionals="0" coveredconditionals="0" methods="0" coveredmethods="0"/>
        <line num="1" count="0" type="stmt"/>
      </file>
      <file name="required-fields.ts" path="/home/mairon/projetos/pessoais/budget-commercial-department-web/backend/src/validators/implementations/required-fields.ts">
        <metrics statements="6" coveredstatements="2" conditionals="1" coveredconditionals="0" methods="2" coveredmethods="0"/>
        <line num="1" count="1" type="stmt"/>
        <line num="4" count="1" type="stmt"/>
        <line num="5" count="0" type="stmt"/>
        <line num="7" count="0" type="cond" truecount="0" falsecount="1"/>
        <line num="8" count="0" type="stmt"/>
        <line num="10" count="0" type="stmt"/>
      </file>
    </package>
  </project>
</coverage>
